<?xml version="1.0" encoding="UTF-8"?>
<!-- Generated by org.testng.reporters.JUnitXMLReporter -->
<testsuite hostname="WIN-M4ALLFSO9QO" name="Command line test" tests="1" failures="1" timestamp="2 Feb 2023 20:31:37 GMT" time="3.122" errors="0">
  <testcase name="tp04" time="3.12" classname="promenaLozinke.TP04_PromenaLozinke_IstaKaoStara">
    <failure type="java.lang.AssertionError" message="expected [true] but found [false]">
      <![CDATA[java.lang.AssertionError: expected [true] but found [false]
	at promenaLozinke.TP04_PromenaLozinke_IstaKaoStara.tp04(TP04_PromenaLozinke_IstaKaoStara.java:41)
... Removed 37 stack frames]]>
    </failure>
  </testcase> <!-- tp04 -->
</testsuite> <!-- Command line test -->
